app/build/outputs/logs/manifest-merger-debug-report.txt
-- Merging decision tree log ---
manifest
ADDED from src\main\AndroidManifest.xml:2:1-149:12
INJECTED from src\main\AndroidManifest.xml:2:1-149:12
INJECTED from src\main\AndroidManifest.xml:2:1-149:12
INJECTED from src\main\AndroidManifest.xml:2:1-149:12
MERGED from [androidx.core:core-ktx:1.3.0-beta01] AndroidManifest.xml:2:1-9:12
MERGED from [com.jcodecraeer:xrecyclerview:1.5.8] AndroidManifest.xml:2:1-13:12
MERGED from [:citypicker] AndroidManifest.xml:2:1-17:12
MERGED from [com.google.android.material:material:1.0.0] AndroidManifest.xml:17:1-24:12
MERGED from [com.github.bumptech.glide:glide:4.10.0] AndroidManifest.xml:2:1-12:12
MERGED from [androidx.legacy:legacy-support-v4:1.0.0] AndroidManifest.xml:17:1-22:12
MERGED from [com.ms:Banner:2.3.17] AndroidManifest.xml:2:1-9:12
MERGED from [com.github.ai2101039:YLCircleImageView:v1.0.6] AndroidManifest.xml:2:1-11:12
MERGED from [com.github.LuckSiege.PictureSelector:picture_library:v2.4.2] AndroidManifest.xml:2:1-56:12
MERGED from [com.github.jokermonn:permissions4m:2.1.2-lib] AndroidManifest.xml:2:1-16:12
MERGED from [:policylibrary] AndroidManifest.xml:2:1-11:12
MERGED from [:niceimageview] AndroidManifest.xml:2:1-11:12
MERGED from [com.github.LuckSiege.PictureSelector:ucrop:v2.4.2] AndroidManifest.xml:2:1-11:12
MERGED from [androidx.appcompat:appcompat:1.1.0] AndroidManifest.xml:17:1-24:12
MERGED from [androidx.fragment:fragment:1.1.0] AndroidManifest.xml:17:1-24:12
MERGED from [com.jakewharton:butterknife:10.2.0] AndroidManifest.xml:2:1-7:12
MERGED from [com.github.CymChad:BaseRecyclerViewAdapterHelper:2.9.47] AndroidManifest.xml:2:1-11:12
MERGED from [androidx.cardview:cardview:1.0.0] AndroidManifest.xml:17:1-22:12
MERGED from [androidx.recyclerview:recyclerview:1.0.0] AndroidManifest.xml:17:1-22:12
MERGED from [com.zhy:okhttputils:2.5.2] AndroidManifest.xml:2:1-11:12
MERGED from [com.hyman:flowlayout-lib:1.1.2] AndroidManifest.xml:2:1-12:12
MERGED from [com.shizhefei:ViewPagerIndicator:1.1.9.androidx] AndroidManifest.xml:2:1-16:12
MERGED from [com.contrarywind:Android-PickerView:4.1.8] AndroidManifest.xml:2:1-11:12
MERGED from [:alipaySdk-15.6.8-20191021122455-noUtdid:] AndroidManifest.xml:2:1-57:12
MERGED from [me.gujun.android.taggroup:library:1.4] AndroidManifest.xml:2:1-10:12
MERGED from [co.lujun:androidtagview:1.1.7] AndroidManifest.xml:2:1-14:12
MERGED from [androidx.legacy:legacy-support-core-ui:1.0.0] AndroidManifest.xml:17:1-22:12
MERGED from [androidx.legacy:legacy-support-core-utils:1.0.0] AndroidManifest.xml:17:1-22:12
MERGED from [androidx.transition:transition:1.0.0] AndroidManifest.xml:17:1-22:12
MERGED from [androidx.loader:loader:1.0.0] AndroidManifest.xml:17:1-22:12
MERGED from [com.jakewharton:butterknife-runtime:10.2.0] AndroidManifest.xml:2:1-7:12
MERGED from [androidx.media:media:1.0.0] AndroidManifest.xml:17:1-22:12
MERGED from [androidx.viewpager:viewpager:1.0.0] AndroidManifest.xml:17:1-22:12
MERGED from [androidx.coordinatorlayout:coordinatorlayout:1.0.0] AndroidManifest.xml:17:1-22:12
MERGED from [androidx.drawerlayout:drawerlayout:1.0.0] AndroidManifest.xml:17:1-22:12
MERGED from [androidx.slidingpanelayout:slidingpanelayout:1.0.0] AndroidManifest.xml:17:1-22:12
MERGED from [androidx.customview:customview:1.0.0] AndroidManifest.xml:17:1-22:12
MERGED from [androidx.swiperefreshlayout:swiperefreshlayout:1.0.0] AndroidManifest.xml:17:1-22:12
MERGED from [androidx.asynclayoutinflater:asynclayoutinflater:1.0.0] AndroidManifest.xml:17:1-22:12
MERGED from [androidx.appcompat:appcompat-resources:1.1.0] AndroidManifest.xml:17:1-24:12
MERGED from [androidx.activity:activity:1.0.0] AndroidManifest.xml:17:1-24:12
MERGED from [androidx.vectordrawable:vectordrawable-animated:1.1.0] AndroidManifest.xml:17:1-24:12
MERGED from [androidx.vectordrawable:vectordrawable:1.1.0] AndroidManifest.xml:17:1-24:12
MERGED from [androidx.core:core:1.3.0-beta01] AndroidManifest.xml:17:1-26:12
MERGED from [androidx.cursoradapter:cursoradapter:1.0.0] AndroidManifest.xml:17:1-22:12
MERGED from [com.github.bumptech.glide:gifdecoder:4.10.0] AndroidManifest.xml:2:1-11:12
MERGED from [com.contrarywind:wheelview:4.0.9] AndroidManifest.xml:2:1-11:12
MERGED from [androidx.versionedparcelable:versionedparcelable:1.1.0] AndroidManifest.xml:17:1-27:12
MERGED from [androidx.interpolator:interpolator:1.0.0] AndroidManifest.xml:17:1-22:12
MERGED from [androidx.documentfile:documentfile:1.0.0] AndroidManifest.xml:17:1-22:12
MERGED from [androidx.localbroadcastmanager:localbroadcastmanager:1.0.0] AndroidManifest.xml:17:1-22:12
MERGED from [androidx.print:print:1.0.0] AndroidManifest.xml:17:1-22:12
MERGED from [androidx.lifecycle:lifecycle-livedata:2.0.0] AndroidManifest.xml:17:1-22:12
MERGED from [androidx.lifecycle:lifecycle-livedata-core:2.0.0] AndroidManifest.xml:17:1-22:12
MERGED from [androidx.arch.core:core-runtime:2.0.0] AndroidManifest.xml:17:1-22:12
MERGED from [androidx.lifecycle:lifecycle-runtime:2.1.0] AndroidManifest.xml:17:1-22:12
MERGED from [androidx.lifecycle:lifecycle-viewmodel:2.1.0] AndroidManifest.xml:17:1-22:12
MERGED from [androidx.savedstate:savedstate:1.0.0] AndroidManifest.xml:17:1-24:12
INJECTED from src\main\AndroidManifest.xml:2:1-149:12
INJECTED from src\main\AndroidManifest.xml:2:1-149:12
INJECTED from src\main\AndroidManifest.xml:2:1-149:12
	package
		ADDED from src\main\AndroidManifest.xml:4:5-35
		INJECTED from src\main\AndroidManifest.xml
		INJECTED from src\main\AndroidManifest.xml
	android:versionName
		INJECTED from src\main\AndroidManifest.xml
		ADDED from src\main\AndroidManifest.xml:2:1-149:12
		INJECTED from src\main\AndroidManifest.xml
	xmlns:tools
		ADDED from src\main\AndroidManifest.xml:3:5-51
	android:versionCode
		INJECTED from src\main\AndroidManifest.xml
		ADDED from src\main\AndroidManifest.xml:2:1-149:12
		INJECTED from src\main\AndroidManifest.xml
	xmlns:android
		ADDED from src\main\AndroidManifest.xml:2:11-69
uses-permission#android.permission.CAMERA
ADDED from src\main\AndroidManifest.xml:7:5-65
	android:name
		ADDED from src\main\AndroidManifest.xml:7:22-62
uses-permission#android.permission.RECORD_AUDIO
ADDED from src\main\AndroidManifest.xml:8:5-71
	android:name
		ADDED from src\main\AndroidManifest.xml:8:22-68
uses-permission#android.permission.READ_PHONE_STATE
ADDED from src\main\AndroidManifest.xml:9:5-75
	android:name
		ADDED from src\main\AndroidManifest.xml:9:22-72
uses-permission#android.permission.READ_EXTERNAL_STORAGE
ADDED from src\main\AndroidManifest.xml:10:5-80
	android:name
		ADDED from src\main\AndroidManifest.xml:10:22-77
uses-permission#android.permission.WRITE_EXTERNAL_STORAGE
ADDED from src\main\AndroidManifest.xml:11:5-81
	android:name
		ADDED from src\main\AndroidManifest.xml:11:22-78
uses-permission#android.permission.WRITE_SETTINGS
ADDED from src\main\AndroidManifest.xml:12:5-13:47
	tools:ignore
		ADDED from src\main\AndroidManifest.xml:13:9-44
	android:name
		ADDED from src\main\AndroidManifest.xml:12:22-70
uses-permission#android.permission.ACCESS_COARSE_LOCATION
ADDED from src\main\AndroidManifest.xml:16:5-80
	android:name
		ADDED from src\main\AndroidManifest.xml:16:22-78
uses-permission#android.permission.ACCESS_FINE_LOCATION
ADDED from src\main\AndroidManifest.xml:18:5-78
	android:name
		ADDED from src\main\AndroidManifest.xml:18:22-76
uses-permission#android.permission.ACCESS_WIFI_STATE
ADDED from src\main\AndroidManifest.xml:20:5-75
MERGED from [:alipaySdk-15.6.8-20191021122455-noUtdid:] AndroidManifest.xml:20:5-76
MERGED from [:alipaySdk-15.6.8-20191021122455-noUtdid:] AndroidManifest.xml:20:5-76
	android:name
		ADDED from src\main\AndroidManifest.xml:20:22-73
uses-permission#android.permission.ACCESS_NETWORK_STATE
ADDED from src\main\AndroidManifest.xml:22:5-78
MERGED from [:alipaySdk-15.6.8-20191021122455-noUtdid:] AndroidManifest.xml:19:5-79
MERGED from [:alipaySdk-15.6.8-20191021122455-noUtdid:] AndroidManifest.xml:19:5-79
	android:name
		ADDED from src\main\AndroidManifest.xml:22:22-76
uses-permission#android.permission.CHANGE_WIFI_STATE
ADDED from src\main\AndroidManifest.xml:24:5-75
	android:name
		ADDED from src\main\AndroidManifest.xml:24:22-73
uses-permission#android.permission.INTERNET
ADDED from src\main\AndroidManifest.xml:28:5-67
MERGED from [:alipaySdk-15.6.8-20191021122455-noUtdid:] AndroidManifest.xml:18:5-67
MERGED from [:alipaySdk-15.6.8-20191021122455-noUtdid:] AndroidManifest.xml:18:5-67
	android:name
		ADDED from src\main\AndroidManifest.xml:28:22-64
uses-permission#android.permission.FOREGROUND_SERVICE
ADDED from src\main\AndroidManifest.xml:29:5-77
	android:name
		ADDED from src\main\AndroidManifest.xml:29:22-74
application
ADDED from src\main\AndroidManifest.xml:31:5-147:19
MERGED from [com.jcodecraeer:xrecyclerview:1.5.8] AndroidManifest.xml:11:5-20
MERGED from [com.jcodecraeer:xrecyclerview:1.5.8] AndroidManifest.xml:11:5-20
MERGED from [:citypicker] AndroidManifest.xml:11:5-15:19
MERGED from [:citypicker] AndroidManifest.xml:11:5-15:19
MERGED from [com.google.android.material:material:1.0.0] AndroidManifest.xml:22:5-20
MERGED from [com.google.android.material:material:1.0.0] AndroidManifest.xml:22:5-20
MERGED from [com.github.bumptech.glide:glide:4.10.0] AndroidManifest.xml:10:5-20
MERGED from [com.github.bumptech.glide:glide:4.10.0] AndroidManifest.xml:10:5-20
MERGED from [com.github.LuckSiege.PictureSelector:picture_library:v2.4.2] AndroidManifest.xml:11:5-54:19
MERGED from [com.github.LuckSiege.PictureSelector:picture_library:v2.4.2] AndroidManifest.xml:11:5-54:19
MERGED from [com.github.jokermonn:permissions4m:2.1.2-lib] AndroidManifest.xml:11:5-14:19
MERGED from [com.github.jokermonn:permissions4m:2.1.2-lib] AndroidManifest.xml:11:5-14:19
MERGED from [com.shizhefei:ViewPagerIndicator:1.1.9.androidx] AndroidManifest.xml:11:5-14:19
MERGED from [com.shizhefei:ViewPagerIndicator:1.1.9.androidx] AndroidManifest.xml:11:5-14:19
MERGED from [:alipaySdk-15.6.8-20191021122455-noUtdid:] AndroidManifest.xml:22:5-55:19
MERGED from [:alipaySdk-15.6.8-20191021122455-noUtdid:] AndroidManifest.xml:22:5-55:19
MERGED from [co.lujun:androidtagview:1.1.7] AndroidManifest.xml:11:5-12:19
MERGED from [co.lujun:androidtagview:1.1.7] AndroidManifest.xml:11:5-12:19
MERGED from [androidx.core:core:1.3.0-beta01] AndroidManifest.xml:24:5-89
MERGED from [androidx.core:core:1.3.0-beta01] AndroidManifest.xml:24:5-89
MERGED from [com.github.bumptech.glide:gifdecoder:4.10.0] AndroidManifest.xml:9:5-20
MERGED from [com.github.bumptech.glide:gifdecoder:4.10.0] AndroidManifest.xml:9:5-20
MERGED from [androidx.versionedparcelable:versionedparcelable:1.1.0] AndroidManifest.xml:24:5-25:19
MERGED from [androidx.versionedparcelable:versionedparcelable:1.1.0] AndroidManifest.xml:24:5-25:19
	android:appComponentFactory
		ADDED from [androidx.core:core:1.3.0-beta01] AndroidManifest.xml:24:18-86
	android:supportsRtl
		ADDED from src\main\AndroidManifest.xml:36:9-35
	android:label
		ADDED from src\main\AndroidManifest.xml:35:9-41
	android:icon
		ADDED from src\main\AndroidManifest.xml:34:9-45
	android:allowBackup
		ADDED from src\main\AndroidManifest.xml:33:9-35
	android:theme
		ADDED from src\main\AndroidManifest.xml:37:9-52
	tools:replace
		ADDED from src\main\AndroidManifest.xml:38:9-37
	android:usesCleartextTraffic
		ADDED from src\main\AndroidManifest.xml:39:9-44
	android:name
		ADDED from src\main\AndroidManifest.xml:32:9-38
meta-data#com.baidu.lbsapi.API_KEY
ADDED from src\main\AndroidManifest.xml:41:9-44:21
	android:value
		ADDED from src\main\AndroidManifest.xml:43:13-61
	android:name
		ADDED from src\main\AndroidManifest.xml:42:13-52
service#com.baidu.location.f
ADDED from src\main\AndroidManifest.xml:45:9-114
	android:process
		ADDED from src\main\AndroidManifest.xml:45:77-102
	android:enabled
		ADDED from src\main\AndroidManifest.xml:45:54-76
	android:name
		ADDED from src\main\AndroidManifest.xml:45:18-53
activity#com.xhc.bigbusinessu.activity.LogoActivity
ADDED from src\main\AndroidManifest.xml:46:9-51:20
	android:launchMode
		ADDED from src\main\AndroidManifest.xml:48:13-48
	android:theme
		ADDED from src\main\AndroidManifest.xml:49:13-56
	android:name
		ADDED from src\main\AndroidManifest.xml:47:13-50
activity#com.xhc.bigbusinessu.activity.MainActivity
ADDED from src\main\AndroidManifest.xml:53:9-65:20
	android:screenOrientation
		ADDED from src\main\AndroidManifest.xml:56:13-49
	android:windowSoftInputMode
		ADDED from src\main\AndroidManifest.xml:58:13-64
	android:configChanges
		ADDED from src\main\AndroidManifest.xml:55:13-85
	android:theme
		ADDED from src\main\AndroidManifest.xml:57:13-56
	android:name
		ADDED from src\main\AndroidManifest.xml:54:13-50
intent-filter#action:name:android.intent.action.MAIN+category:name:android.intent.category.LAUNCHER
ADDED from src\main\AndroidManifest.xml:60:13-63:29
action#android.intent.action.MAIN
ADDED from src\main\AndroidManifest.xml:61:17-69
	android:name
		ADDED from src\main\AndroidManifest.xml:61:25-66
category#android.intent.category.LAUNCHER
ADDED from src\main\AndroidManifest.xml:62:17-77
	android:name
		ADDED from src\main\AndroidManifest.xml:62:27-74
activity#com.xhc.bigbusinessu.activity.LoginActivity
ADDED from src\main\AndroidManifest.xml:68:9-73:66
	android:screenOrientation
		ADDED from src\main\AndroidManifest.xml:71:13-49
	android:windowSoftInputMode
		ADDED from src\main\AndroidManifest.xml:73:13-64
	android:configChanges
		ADDED from src\main\AndroidManifest.xml:70:13-85
	android:theme
		ADDED from src\main\AndroidManifest.xml:72:13-56
	android:name
		ADDED from src\main\AndroidManifest.xml:69:13-51
activity#com.xhc.bigbusinessu.activity.shop.HometownGoodsListActivity
ADDED from src\main\AndroidManifest.xml:75:9-76:60
	android:theme
		ADDED from src\main\AndroidManifest.xml:76:13-58
	android:name
		ADDED from src\main\AndroidManifest.xml:75:19-74
activity#com.xhc.bigbusinessu.activity.shop.ShopGoodsDetailsActivity
ADDED from src\main\AndroidManifest.xml:77:9-76
	android:name
		ADDED from src\main\AndroidManifest.xml:77:19-73
activity#com.xhc.bigbusinessu.activity.shop.SearchForGoodsActivity
ADDED from src\main\AndroidManifest.xml:78:9-74
	android:name
		ADDED from src\main\AndroidManifest.xml:78:19-71
activity#com.xhc.bigbusinessu.activity.shop.ShopDetailsActivity
ADDED from src\main\AndroidManifest.xml:79:9-71
	android:name
		ADDED from src\main\AndroidManifest.xml:79:19-68
activity#com.xhc.bigbusinessu.activity.me.setting.SetupActivity
ADDED from src\main\AndroidManifest.xml:80:9-71
	android:name
		ADDED from src\main\AndroidManifest.xml:80:19-68
activity#com.xhc.bigbusinessu.activity.me.setting.PersonalInfoActivity
ADDED from src\main\AndroidManifest.xml:81:9-78
	android:name
		ADDED from src\main\AndroidManifest.xml:81:19-75
activity#com.xhc.bigbusinessu.activity.shop.ConfigGoodsOrderActivity
ADDED from src\main\AndroidManifest.xml:82:9-76
	android:name
		ADDED from src\main\AndroidManifest.xml:82:19-73
activity#com.xhc.bigbusinessu.activity.me.MyShopGoodsAddressList
ADDED from src\main\AndroidManifest.xml:83:9-72
	android:name
		ADDED from src\main\AndroidManifest.xml:83:19-69
activity#com.xhc.bigbusinessu.activity.me.MyShopGoodsAddressListActivity
ADDED from src\main\AndroidManifest.xml:84:9-80
	android:name
		ADDED from src\main\AndroidManifest.xml:84:19-77
activity#com.xhc.bigbusinessu.activity.me.AddNewShopGoodsAddressActivity
ADDED from src\main\AndroidManifest.xml:85:9-80
	android:name
		ADDED from src\main\AndroidManifest.xml:85:19-77
activity#com.xhc.bigbusinessu.activity.me.order.shop.AllShopOrderActivity
ADDED from src\main\AndroidManifest.xml:86:9-81
	android:name
		ADDED from src\main\AndroidManifest.xml:86:19-78
activity#com.xhc.bigbusinessu.activity.RegisterActivity
ADDED from src\main\AndroidManifest.xml:87:9-63
	android:name
		ADDED from src\main\AndroidManifest.xml:87:19-60
activity#com.xhc.bigbusinessu.activity.me.setting.ChangePwdActivity
ADDED from src\main\AndroidManifest.xml:88:9-75
	android:name
		ADDED from src\main\AndroidManifest.xml:88:19-72
activity#com.xhc.bigbusinessu.activity.shop.AllGoodsClassActivity
ADDED from src\main\AndroidManifest.xml:89:9-73
	android:name
		ADDED from src\main\AndroidManifest.xml:89:19-70
activity#com.xhc.bigbusinessu.activity.shop.ShopOrderDetailsActivity
ADDED from src\main\AndroidManifest.xml:90:9-76
	android:name
		ADDED from src\main\AndroidManifest.xml:90:19-73
activity#com.xhc.bigbusinessu.wxapi.WXEntryActivity
ADDED from src\main\AndroidManifest.xml:93:9-98:20
	android:launchMode
		ADDED from src\main\AndroidManifest.xml:96:13-43
	android:exported
		ADDED from src\main\AndroidManifest.xml:95:13-36
	android:name
		ADDED from src\main\AndroidManifest.xml:94:13-50
activity#com.xhc.bigbusinessu.wxapi.WXPayEntryActivity
ADDED from src\main\AndroidManifest.xml:100:9-103:45
	android:launchMode
		ADDED from src\main\AndroidManifest.xml:103:13-43
	android:exported
		ADDED from src\main\AndroidManifest.xml:102:13-36
	android:name
		ADDED from src\main\AndroidManifest.xml:101:13-53
activity#com.xhc.bigbusinessu.activity.shop.DoPayActivity
ADDED from src\main\AndroidManifest.xml:104:9-65
	android:name
		ADDED from src\main\AndroidManifest.xml:104:19-62
activity#com.xhc.bigbusinessu.activity.shop.PaySuccessActivity
ADDED from src\main\AndroidManifest.xml:105:9-70
	android:name
		ADDED from src\main\AndroidManifest.xml:105:19-67
activity#com.xhc.bigbusinessu.activity.life.ConvenientLifeActivity
ADDED from src\main\AndroidManifest.xml:106:9-74
	android:name
		ADDED from src\main\AndroidManifest.xml:106:19-71
activity#com.xhc.bigbusinessu.activity.life.ConvenientLifeListActivity
ADDED from src\main\AndroidManifest.xml:107:9-78
	android:name
		ADDED from src\main\AndroidManifest.xml:107:19-75
activity#com.xhc.bigbusinessu.activity.life.AllLifeClassListActivity
ADDED from src\main\AndroidManifest.xml:108:9-76
	android:name
		ADDED from src\main\AndroidManifest.xml:108:19-73
activity#com.xhc.bigbusinessu.activity.life.AppointmentHeActivity
ADDED from src\main\AndroidManifest.xml:109:9-73
	android:name
		ADDED from src\main\AndroidManifest.xml:109:19-70
activity#com.xhc.bigbusinessu.activity.life.push.LifePushNeedActivity
ADDED from src\main\AndroidManifest.xml:110:9-77
	android:name
		ADDED from src\main\AndroidManifest.xml:110:19-74
activity#com.xhc.bigbusinessu.activity.life.push.LifePushSkillActivity
ADDED from src\main\AndroidManifest.xml:111:9-78
	android:name
		ADDED from src\main\AndroidManifest.xml:111:19-75
activity#com.xhc.bigbusinessu.activity.life.order.AllLifeOrderListActivity
ADDED from src\main\AndroidManifest.xml:112:9-82
	android:name
		ADDED from src\main\AndroidManifest.xml:112:19-79
activity#com.xhc.bigbusinessu.activity.life.order.LifeAllOrderListActivity
ADDED from src\main\AndroidManifest.xml:113:9-82
	android:name
		ADDED from src\main\AndroidManifest.xml:113:19-79
activity#com.xhc.bigbusinessu.activity.ruralTourism.RuralTourismActivity
ADDED from src\main\AndroidManifest.xml:114:9-80
	android:name
		ADDED from src\main\AndroidManifest.xml:114:19-77
activity#com.xhc.bigbusinessu.activity.life.order.LifeOrderDetailsActivity
ADDED from src\main\AndroidManifest.xml:115:9-82
	android:name
		ADDED from src\main\AndroidManifest.xml:115:19-79
activity#com.xhc.bigbusinessu.activity.ruralTourism.RuralTourismDetailsActivity
ADDED from src\main\AndroidManifest.xml:116:9-87
	android:name
		ADDED from src\main\AndroidManifest.xml:116:19-84
activity#com.xhc.bigbusinessu.activity.hotel.HotelMainActivity
ADDED from src\main\AndroidManifest.xml:117:9-70
	android:name
		ADDED from src\main\AndroidManifest.xml:117:19-67
activity#com.xhc.bigbusinessu.activity.hotel.HotelListActivity
ADDED from src\main\AndroidManifest.xml:118:9-70
	android:name
		ADDED from src\main\AndroidManifest.xml:118:19-67
activity#com.xhc.bigbusinessu.activity.hotel.HotelDetailsActivity
ADDED from src\main\AndroidManifest.xml:119:9-73
	android:name
		ADDED from src\main\AndroidManifest.xml:119:19-70
activity#com.xhc.bigbusinessu.activity.hotel.HotelSubOrderActivity
ADDED from src\main\AndroidManifest.xml:120:9-74
	android:name
		ADDED from src\main\AndroidManifest.xml:120:19-71
activity#com.xhc.bigbusinessu.activity.hotel.HotelEditCheckInUserActivity
ADDED from src\main\AndroidManifest.xml:121:9-81
	android:name
		ADDED from src\main\AndroidManifest.xml:121:19-78
activity#com.xhc.bigbusinessu.activity.hotel.HotelDoPayOrderActivity
ADDED from src\main\AndroidManifest.xml:122:9-76
	android:name
		ADDED from src\main\AndroidManifest.xml:122:19-73
activity#com.xhc.bigbusinessu.activity.me.order.hotel.AllHotelOrderActivity
ADDED from src\main\AndroidManifest.xml:123:9-83
	android:name
		ADDED from src\main\AndroidManifest.xml:123:19-80
activity#com.xhc.bigbusinessu.activity.me.order.hotel.HotelOrderDetailsActivity
ADDED from src\main\AndroidManifest.xml:124:9-87
	android:name
		ADDED from src\main\AndroidManifest.xml:124:19-84
activity#com.xhc.bigbusinessu.activity.takeOut.TakeOutHomeActivity
ADDED from src\main\AndroidManifest.xml:125:9-74
	android:name
		ADDED from src\main\AndroidManifest.xml:125:19-71
activity#com.xhc.bigbusinessu.activity.errands.ErrandsHomeActivity
ADDED from src\main\AndroidManifest.xml:126:9-74
	android:name
		ADDED from src\main\AndroidManifest.xml:126:19-71
activity#com.xhc.bigbusinessu.activity.invoice.InvoiceListActivity
ADDED from src\main\AndroidManifest.xml:127:9-74
	android:name
		ADDED from src\main\AndroidManifest.xml:127:19-71
activity#com.xhc.bigbusinessu.activity.invoice.EditInvoiceDetailsActivity
ADDED from src\main\AndroidManifest.xml:128:9-81
	android:name
		ADDED from src\main\AndroidManifest.xml:128:19-78
activity#com.xhc.bigbusinessu.activity.collection.MyCollectionActivity
ADDED from src\main\AndroidManifest.xml:129:9-78
	android:name
		ADDED from src\main\AndroidManifest.xml:129:19-75
activity#com.xhc.bigbusinessu.activity.wallet.MyWalletActivity
ADDED from src\main\AndroidManifest.xml:130:9-70
	android:name
		ADDED from src\main\AndroidManifest.xml:130:19-67
activity#com.xhc.bigbusinessu.activity.wallet.ApplyMoneyOutActivity
ADDED from src\main\AndroidManifest.xml:131:9-75
	android:name
		ADDED from src\main\AndroidManifest.xml:131:19-72
activity#com.xhc.bigbusinessu.activity.wallet.OutMoneyListActivity
ADDED from src\main\AndroidManifest.xml:132:9-74
	android:name
		ADDED from src\main\AndroidManifest.xml:132:19-71
activity#com.xhc.bigbusinessu.activity.integral_recharge.IntegralRechargeActivity
ADDED from src\main\AndroidManifest.xml:133:9-89
	android:name
		ADDED from src\main\AndroidManifest.xml:133:19-86
activity#com.xhc.bigbusinessu.activity.coupon.GoodsCouponListActivity
ADDED from src\main\AndroidManifest.xml:134:9-77
	android:name
		ADDED from src\main\AndroidManifest.xml:134:19-74
activity#com.xhc.bigbusinessu.activity.bbs.PushBBSActivity
ADDED from src\main\AndroidManifest.xml:135:9-66
	android:name
		ADDED from src\main\AndroidManifest.xml:135:19-63
activity#com.xhc.bigbusinessu.activity.myGoods.MyGoodsForSellActivity
ADDED from src\main\AndroidManifest.xml:136:9-77
	android:name
		ADDED from src\main\AndroidManifest.xml:136:19-74
activity#com.xhc.bigbusinessu.activity.myGoods.PushMyGoodsActivity
ADDED from src\main\AndroidManifest.xml:137:9-74
	android:name
		ADDED from src\main\AndroidManifest.xml:137:19-71
activity#com.xhc.bigbusinessu.activity.myGoods.MyGoodsForPushActivity
ADDED from src\main\AndroidManifest.xml:138:9-77
	android:name
		ADDED from src\main\AndroidManifest.xml:138:19-74
activity#com.xhc.bigbusinessu.activity.me.order.travel.AllTravelOrderActivity
ADDED from src\main\AndroidManifest.xml:139:9-85
	android:name
		ADDED from src\main\AndroidManifest.xml:139:19-82
activity#com.xhc.bigbusinessu.activity.me.order.travel.TravelOrderDetailsActivity
ADDED from src\main\AndroidManifest.xml:140:9-89
	android:name
		ADDED from src\main\AndroidManifest.xml:140:19-86
activity#com.xhc.bigbusinessu.activity.me.order.errands.AllErrandsOrderActivity
ADDED from src\main\AndroidManifest.xml:141:9-87
	android:name
		ADDED from src\main\AndroidManifest.xml:141:19-84
activity#com.xhc.bigbusinessu.activity.me.order.errands.ErrandsOrderDetailsActivity
ADDED from src\main\AndroidManifest.xml:142:9-91
	android:name
		ADDED from src\main\AndroidManifest.xml:142:19-88
activity#com.xhc.bigbusinessu.activity.me.order.takeOut.AllTakeoutOrderActivity
ADDED from src\main\AndroidManifest.xml:143:9-87
	android:name
		ADDED from src\main\AndroidManifest.xml:143:19-84
activity#com.xhc.bigbusinessu.activity.takeOut.TakeOutGoodsListActivity
ADDED from src\main\AndroidManifest.xml:144:9-79
	android:name
		ADDED from src\main\AndroidManifest.xml:144:19-76
activity#com.xhc.bigbusinessu.activity.takeOut.TakeOutGoodsDetailsActivity
ADDED from src\main\AndroidManifest.xml:145:9-82
	android:name
		ADDED from src\main\AndroidManifest.xml:145:19-79
activity#com.xhc.bigbusinessu.activity.takeOut.TakeOutBusinessQualificationActivity
ADDED from src\main\AndroidManifest.xml:146:9-91
	android:name
		ADDED from src\main\AndroidManifest.xml:146:19-88
uses-sdk
INJECTED from src\main\AndroidManifest.xml reason: use-sdk injection requested
INJECTED from src\main\AndroidManifest.xml
INJECTED from src\main\AndroidManifest.xml
MERGED from [androidx.core:core-ktx:1.3.0-beta01] AndroidManifest.xml:5:5-7:41
MERGED from [androidx.core:core-ktx:1.3.0-beta01] AndroidManifest.xml:5:5-7:41
MERGED from [com.jcodecraeer:xrecyclerview:1.5.8] AndroidManifest.xml:7:5-9:41
MERGED from [com.jcodecraeer:xrecyclerview:1.5.8] AndroidManifest.xml:7:5-9:41
MERGED from [:citypicker] AndroidManifest.xml:7:5-9:41
MERGED from [:citypicker] AndroidManifest.xml:7:5-9:41
MERGED from [com.google.android.material:material:1.0.0] AndroidManifest.xml:20:5-44
MERGED from [com.google.android.material:material:1.0.0] AndroidManifest.xml:20:5-44
MERGED from [com.github.bumptech.glide:glide:4.10.0] AndroidManifest.xml:6:5-8:41
MERGED from [com.github.bumptech.glide:glide:4.10.0] AndroidManifest.xml:6:5-8:41
MERGED from [androidx.legacy:legacy-support-v4:1.0.0] AndroidManifest.xml:20:5-44
MERGED from [androidx.legacy:legacy-support-v4:1.0.0] AndroidManifest.xml:20:5-44
MERGED from [com.ms:Banner:2.3.17] AndroidManifest.xml:5:5-7:41
MERGED from [com.ms:Banner:2.3.17] AndroidManifest.xml:5:5-7:41
MERGED from [com.github.ai2101039:YLCircleImageView:v1.0.6] AndroidManifest.xml:7:5-9:41
MERGED from [com.github.ai2101039:YLCircleImageView:v1.0.6] AndroidManifest.xml:7:5-9:41
MERGED from [com.github.LuckSiege.PictureSelector:picture_library:v2.4.2] AndroidManifest.xml:7:5-9:41
MERGED from [com.github.LuckSiege.PictureSelector:picture_library:v2.4.2] AndroidManifest.xml:7:5-9:41
MERGED from [com.github.jokermonn:permissions4m:2.1.2-lib] AndroidManifest.xml:7:5-9:41
MERGED from [com.github.jokermonn:permissions4m:2.1.2-lib] AndroidManifest.xml:7:5-9:41
MERGED from [:policylibrary] AndroidManifest.xml:7:5-9:41
MERGED from [:policylibrary] AndroidManifest.xml:7:5-9:41
MERGED from [:niceimageview] AndroidManifest.xml:7:5-9:41
MERGED from [:niceimageview] AndroidManifest.xml:7:5-9:41
MERGED from [com.github.LuckSiege.PictureSelector:ucrop:v2.4.2] AndroidManifest.xml:7:5-9:41
MERGED from [com.github.LuckSiege.PictureSelector:ucrop:v2.4.2] AndroidManifest.xml:7:5-9:41
MERGED from [androidx.appcompat:appcompat:1.1.0] AndroidManifest.xml:20:5-22:41
MERGED from [androidx.appcompat:appcompat:1.1.0] AndroidManifest.xml:20:5-22:41
MERGED from [androidx.fragment:fragment:1.1.0] AndroidManifest.xml:20:5-22:41
MERGED from [androidx.fragment:fragment:1.1.0] AndroidManifest.xml:20:5-22:41
MERGED from [com.jakewharton:butterknife:10.2.0] AndroidManifest.xml:5:5-44
MERGED from [com.jakewharton:butterknife:10.2.0] AndroidManifest.xml:5:5-44
MERGED from [com.github.CymChad:BaseRecyclerViewAdapterHelper:2.9.47] AndroidManifest.xml:7:5-9:41
MERGED from [com.github.CymChad:BaseRecyclerViewAdapterHelper:2.9.47] AndroidManifest.xml:7:5-9:41
MERGED from [androidx.cardview:cardview:1.0.0] AndroidManifest.xml:20:5-44
MERGED from [androidx.cardview:cardview:1.0.0] AndroidManifest.xml:20:5-44
MERGED from [androidx.recyclerview:recyclerview:1.0.0] AndroidManifest.xml:20:5-44
MERGED from [androidx.recyclerview:recyclerview:1.0.0] AndroidManifest.xml:20:5-44
MERGED from [com.zhy:okhttputils:2.5.2] AndroidManifest.xml:7:5-9:41
MERGED from [com.zhy:okhttputils:2.5.2] AndroidManifest.xml:7:5-9:41
MERGED from [com.hyman:flowlayout-lib:1.1.2] AndroidManifest.xml:8:5-10:41
MERGED from [com.hyman:flowlayout-lib:1.1.2] AndroidManifest.xml:8:5-10:41
MERGED from [com.shizhefei:ViewPagerIndicator:1.1.9.androidx] AndroidManifest.xml:7:5-9:41
MERGED from [com.shizhefei:ViewPagerIndicator:1.1.9.androidx] AndroidManifest.xml:7:5-9:41
MERGED from [com.contrarywind:Android-PickerView:4.1.8] AndroidManifest.xml:7:5-9:41
MERGED from [com.contrarywind:Android-PickerView:4.1.8] AndroidManifest.xml:7:5-9:41
MERGED from [:alipaySdk-15.6.8-20191021122455-noUtdid:] AndroidManifest.xml:7:5-9:41
MERGED from [:alipaySdk-15.6.8-20191021122455-noUtdid:] AndroidManifest.xml:7:5-9:41
MERGED from [me.gujun.android.taggroup:library:1.4] AndroidManifest.xml:6:5-8:41
MERGED from [me.gujun.android.taggroup:library:1.4] AndroidManifest.xml:6:5-8:41
MERGED from [co.lujun:androidtagview:1.1.7] AndroidManifest.xml:7:5-9:41
MERGED from [co.lujun:androidtagview:1.1.7] AndroidManifest.xml:7:5-9:41
MERGED from [androidx.legacy:legacy-support-core-ui:1.0.0] AndroidManifest.xml:20:5-44
MERGED from [androidx.legacy:legacy-support-core-ui:1.0.0] AndroidManifest.xml:20:5-44
MERGED from [androidx.legacy:legacy-support-core-utils:1.0.0] AndroidManifest.xml:20:5-44
MERGED from [androidx.legacy:legacy-support-core-utils:1.0.0] AndroidManifest.xml:20:5-44
MERGED from [androidx.transition:transition:1.0.0] AndroidManifest.xml:20:5-44
MERGED from [androidx.transition:transition:1.0.0] AndroidManifest.xml:20:5-44
MERGED from [androidx.loader:loader:1.0.0] AndroidManifest.xml:20:5-44
MERGED from [androidx.loader:loader:1.0.0] AndroidManifest.xml:20:5-44